<?xml version="1.0" encoding="UTF-8"?>
<testsuite xmlns:xsi="http://www.w3.org/2001/XMLSchema-instance" xsi:noNamespaceSchemaLocation="https://maven.apache.org/surefire/maven-surefire-plugin/xsd/surefire-test-report.xsd" version="3.0.2" name="com.example.planifest.service.AuditServiceTest" time="4.131" tests="1" errors="0" skipped="0" failures="0">
  <properties>
[...]
</properties>
  <testcase name="testLogAction" classname="com.example.planifest.service.AuditServiceTest" time="0.497">
    <system-out><![CDATA[2025-09-22T09:11:41.077-05:00  INFO 10748 --- [planifest] [           main] t.c.s.AnnotationConfigContextLoaderUtils : Could not detect default configuration classes for test class [com.example.planifest.service.AuditServiceTest]: AuditServiceTest does not declare any static, non-private, non-final, nested classes annotated with @Configuration.
2025-09-22T09:11:41.294-05:00  INFO 10748 --- [planifest] [           main] .b.t.c.SpringBootTestContextBootstrapper : Found @SpringBootConfiguration com.example.planifest.PlanifestApplication for test class com.example.planifest.service.AuditServiceTest
2025-09-22T09:11:41.310-05:00  INFO 10748 --- [planifest] [           main] o.s.b.d.r.RestartApplicationListener     : Restart disabled due to context in which it is running

  .   ____          _            __ _ _
 /\\ / ___'_ __ _ _(_)_ __  __ _ \ \ \ \
( ( )\___ | '_ | '_| | '_ \/ _` | \ \ \ \
 \\/  ___)| |_)| | | | | || (_| |  ) ) ) )
  '  |____| .__|_| |_|_| |_\__, | / / / /
 =========|_|==============|___/=/_/_/_/

 :: Spring Boot ::                (v3.5.0)

2025-09-22T09:11:41.622-05:00  INFO 10748 --- [planifest] [           main] c.e.planifest.service.AuditServiceTest   : Starting AuditServiceTest using Java 17.0.12 with PID 10748 (started by Julieth in C:\Users\Julieth\Desktop\Planifest\PlaniFest)
2025-09-22T09:11:41.622-05:00  INFO 10748 --- [planifest] [           main] c.e.planifest.service.AuditServiceTest   : No active profile set, falling back to 1 default profile: "default"
2025-09-22T09:11:42.069-05:00  INFO 10748 --- [planifest] [           main] .s.d.r.c.RepositoryConfigurationDelegate : Multiple Spring Data modules found, entering strict repository configuration mode
2025-09-22T09:11:42.069-05:00  INFO 10748 --- [planifest] [           main] .s.d.r.c.RepositoryConfigurationDelegate : Bootstrapping Spring Data JPA repositories in DEFAULT mode.
2025-09-22T09:11:42.294-05:00  INFO 10748 --- [planifest] [           main] .s.d.r.c.RepositoryConfigurationDelegate : Finished Spring Data repository scanning in 221 ms. Found 10 JPA repository interfaces.
2025-09-22T09:11:42.387-05:00  INFO 10748 --- [planifest] [           main] beddedDataSourceBeanFactoryPostProcessor : Replacing 'dataSource' DataSource bean with embedded version
2025-09-22T09:11:42.553-05:00  INFO 10748 --- [planifest] [           main] o.s.j.d.e.EmbeddedDatabaseFactory        : Starting embedded database: url='jdbc:h2:mem:e5a75656-80b2-4c18-8153-f05a47a8e781;DB_CLOSE_DELAY=-1;DB_CLOSE_ON_EXIT=false', username='sa'
2025-09-22T09:11:43.549-05:00  INFO 10748 --- [planifest] [           main] o.hibernate.jpa.internal.util.LogHelper  : HHH000204: Processing PersistenceUnitInfo [name: default]
2025-09-22T09:11:43.567-05:00  INFO 10748 --- [planifest] [           main] o.h.c.internal.RegionFactoryInitiator    : HHH000026: Second-level cache disabled
2025-09-22T09:11:43.685-05:00  INFO 10748 --- [planifest] [           main] o.s.o.j.p.SpringPersistenceUnitInfo      : No LoadTimeWeaver setup: ignoring JPA class transformer
2025-09-22T09:11:43.712-05:00  WARN 10748 --- [planifest] [           main] org.hibernate.dialect.Dialect            : HHH000511: The 2.3.232 version for [org.hibernate.dialect.PostgreSQLDialect] is no longer supported, hence certain features may not work properly. The minimum supported version is 12.0.0. Check the community dialects project for available legacy versions.
2025-09-22T09:11:43.713-05:00  WARN 10748 --- [planifest] [           main] org.hibernate.orm.deprecation            : HHH90000025: PostgreSQLDialect does not need to be specified explicitly using 'hibernate.dialect' (remove the property setting and it will be selected by default)
2025-09-22T09:11:43.753-05:00  INFO 10748 --- [planifest] [           main] org.hibernate.orm.connections.pooling    : HHH10001005: Database info:
	Database JDBC URL [Connecting through datasource 'org.springframework.jdbc.datasource.embedded.EmbeddedDatabaseFactory$EmbeddedDataSourceProxy@327d845']
	Database driver: undefined/unknown
	Database version: 2.3.232
	Autocommit mode: undefined/unknown
	Isolation level: undefined/unknown
	Minimum pool size: undefined/unknown
	Maximum pool size: undefined/unknown
2025-09-22T09:11:44.165-05:00  INFO 10748 --- [planifest] [           main] o.h.e.t.j.p.i.JtaPlatformInitiator       : HHH000489: No JTA platform available (set 'hibernate.transaction.jta.platform' to enable JTA platform integration)
Hibernate: 
    create table audi_log (
        id bigint generated by default as identity,
        action varchar(255),
        entity_id bigint,
        entity_name varchar(255),
        performed_by varchar(255),
        timestamp timestamp(6),
        primary key (id)
    )
Hibernate: 
    create table clients (
        client_id bigint not null,
        email varchar(100) not null,
        name varchar(100) not null,
        phone varchar(20),
        primary key (client_id)
    )
Hibernate: 
    create table event_service (
        event_id bigint not null,
        service_id bigint not null
    )
Hibernate: 
    create table event_supply (
        id bigint generated by default as identity,
        quantity_supply integer not null,
        event_id bigint not null,
        supply_id bigint not null,
        primary key (id)
    )
Hibernate: 
    create table events (
        event_id bigint generated by default as identity,
        date date not null,
        description varchar(200) not null,
        end_time time(6) not null,
        event_name varchar(50) not null,
        event_status varchar(255) check (event_status in ('ACTIVE','INACTIVE')),
        guest_count integer not null,
        location varchar(100) not null,
        start_time time(6) not null,
        status varchar(255) not null check (status in ('ACTIVE','INACTIVE')),
        client_id bigint not null,
        primary key (event_id)
    )
Hibernate: 
    create table positions (
        position_id bigint generated by default as identity,
        name varchar(50) not null,
        primary key (position_id)
    )
Hibernate: 
    create table services (
        service_id bigint generated by default as identity,
        description varchar(500),
        name varchar(50) not null,
        type varchar(500),
        primary key (service_id)
    )
Hibernate: 
    create table stock_movements (
        stock_movement_id bigint generated by default as identity,
        date date not null,
        quantity integer not null,
        remarks varchar(200) not null,
        type varchar(50) not null check (type in ('ENTRY','EXIT')),
        supply_id bigint not null,
        primary key (stock_movement_id)
    )
Hibernate: 
    create table suplies (
        supply_id bigint generated by default as identity,
        current_stock integer not null,
        description varchar(200) not null,
        max_stock integer not null,
        min_stock integer not null,
        name varchar(50) not null,
        packaging_unit varchar(50) not null,
        status varchar(50) not null check (status in ('AVAILABLE','UNAVAILABLE')),
        storage_location varchar(50) not null,
        supply_type varchar(50) not null,
        primary key (supply_id)
    )
Hibernate: 
    create table tasks (
        task_id bigint not null,
        date timestamp(6) not null,
        description varchar(255) not null,
        name varchar(50) not null,
        status varchar(255) not null check (status in ('PENDING','IN_PROGRESS','COMPLETED')),
        event_id bigint not null,
        user_id bigint not null,
        primary key (task_id)
    )
Hibernate: 
    create table users (
        user_id bigint generated by default as identity,
        email varchar(100) not null,
        password varchar(255) not null,
        phone_number varchar(20),
        rol varchar(20) check (rol in ('ADMIN','STOCK_ADMIN','EMPLOYEE')),
        name varchar(50) not null,
        position_id bigint,
        primary key (user_id)
    )
Hibernate: 
    alter table if exists clients 
       drop constraint if exists UKsrv16ica2c1csub334bxjjb59
Hibernate: 
    alter table if exists clients 
       add constraint UKsrv16ica2c1csub334bxjjb59 unique (email)
Hibernate: 
    alter table if exists users 
       drop constraint if exists UK6dotkott2kjsp8vw4d0m25fb7
Hibernate: 
    alter table if exists users 
       add constraint UK6dotkott2kjsp8vw4d0m25fb7 unique (email)
Hibernate: 
    create sequence client_seq start with 1 increment by 1
Hibernate: 
    create sequence task_seq start with 1 increment by 1
Hibernate: 
    alter table if exists event_service 
       add constraint FK6ub19ec1ewk3i9bvnf5nq0v2f 
       foreign key (service_id) 
       references services
Hibernate: 
    alter table if exists event_service 
       add constraint FKp6ig8o583pared171rqsvhoud 
       foreign key (event_id) 
       references events
Hibernate: 
    alter table if exists event_supply 
       add constraint FKlqi13stvkl80dcp2evei7yb6x 
       foreign key (event_id) 
       references events
Hibernate: 
    alter table if exists event_supply 
       add constraint FKcrjqgrnl3hmk6fvxus1rbld14 
       foreign key (supply_id) 
       references suplies
Hibernate: 
    alter table if exists events 
       add constraint FKh535ibmxvgfxkqkmoo8uyn193 
       foreign key (client_id) 
       references clients
Hibernate: 
    alter table if exists stock_movements 
       add constraint FKhtu4i8y7iarus29h6x7su07jj 
       foreign key (supply_id) 
       references suplies
Hibernate: 
    alter table if exists tasks 
       add constraint FKso3gaw278lqccjow3yxkck6wx 
       foreign key (event_id) 
       references events
Hibernate: 
    alter table if exists tasks 
       add constraint FK6s1ob9k4ihi75xbxe2w0ylsdh 
       foreign key (user_id) 
       references users
Hibernate: 
    alter table if exists users 
       add constraint FK6ph6xiiydudp6umjf2xckbbmi 
       foreign key (position_id) 
       references positions
2025-09-22T09:11:44.451-05:00  INFO 10748 --- [planifest] [           main] j.LocalContainerEntityManagerFactoryBean : Initialized JPA EntityManagerFactory for persistence unit 'default'
2025-09-22T09:11:44.682-05:00  INFO 10748 --- [planifest] [           main] c.e.planifest.service.AuditServiceTest   : Started AuditServiceTest in 3.372 seconds (process running for 41.28)
Hibernate: 
    /* insert for
        com.example.planifest.entity.AudiLog */insert 
    into
        audi_log (action, entity_id, entity_name, performed_by, timestamp) 
    values
        (?, ?, ?, ?, ?)
Hibernate: 
    /* <criteria> */ select
        al1_0.id,
        al1_0.action,
        al1_0.entity_id,
        al1_0.entity_name,
        al1_0.performed_by,
        al1_0.timestamp 
    from
        audi_log al1_0
]]></system-out>
  </testcase>
</testsuite>