<?xml version="1.0" encoding="UTF-8"?>
<testsuite xmlns:xsi="http://www.w3.org/2001/XMLSchema-instance" xsi:noNamespaceSchemaLocation="https://maven.apache.org/surefire/maven-surefire-plugin/xsd/surefire-test-report.xsd" version="3.0.2" name="com.example.planifest.controller.EventControllerTest" time="16.966" tests="4" errors="0" skipped="0" failures="0">
  <properties>
[...]
</properties>
  <testcase name="updateEvent_shouldReturnNoContent" classname="com.example.planifest.controller.EventControllerTest" time="0.753">
    <system-out><![CDATA[2025-09-21T20:39:13.347-05:00  INFO 14412 --- [planifest] [           main] t.c.s.AnnotationConfigContextLoaderUtils : Could not detect default configuration classes for test class [com.example.planifest.controller.EventControllerTest]: EventControllerTest does not declare any static, non-private, non-final, nested classes annotated with @Configuration.
2025-09-21T20:39:13.590-05:00  INFO 14412 --- [planifest] [           main] .b.t.c.SpringBootTestContextBootstrapper : Found @SpringBootConfiguration com.example.planifest.PlanifestApplication for test class com.example.planifest.controller.EventControllerTest
2025-09-21T20:39:13.606-05:00  INFO 14412 --- [planifest] [           main] o.s.b.d.r.RestartApplicationListener     : Restart disabled due to context in which it is running

  .   ____          _            __ _ _
 /\\ / ___'_ __ _ _(_)_ __  __ _ \ \ \ \
( ( )\___ | '_ | '_| | '_ \/ _` | \ \ \ \
 \\/  ___)| |_)| | | | | || (_| |  ) ) ) )
  '  |____| .__|_| |_|_| |_\__, | / / / /
 =========|_|==============|___/=/_/_/_/

 :: Spring Boot ::                (v3.5.0)

2025-09-21T20:39:13.824-05:00  INFO 14412 --- [planifest] [           main] c.e.p.controller.EventControllerTest     : Starting EventControllerTest using Java 17.0.12 with PID 14412 (started by Julieth in C:\Users\Julieth\Desktop\Planifest\PlaniFest)
2025-09-21T20:39:13.824-05:00  INFO 14412 --- [planifest] [           main] c.e.p.controller.EventControllerTest     : No active profile set, falling back to 1 default profile: "default"
2025-09-21T20:39:25.279-05:00  WARN 14412 --- [planifest] [           main] .s.s.UserDetailsServiceAutoConfiguration : 

Using generated security password: 463b19eb-1697-45a0-9343-46c9a3c8a83e

This generated password is for development use only. Your security configuration must be updated before running your application in production.

2025-09-21T20:39:25.348-05:00  INFO 14412 --- [planifest] [           main] r$InitializeUserDetailsManagerConfigurer : Global AuthenticationManager configured with UserDetailsService bean with name inMemoryUserDetailsManager
2025-09-21T20:39:26.339-05:00  INFO 14412 --- [planifest] [           main] o.s.b.a.w.s.WelcomePageHandlerMapping    : Adding welcome page template: index
2025-09-21T20:39:29.125-05:00  INFO 14412 --- [planifest] [           main] o.s.b.t.m.w.SpringBootMockServletContext : Initializing Spring TestDispatcherServlet ''
2025-09-21T20:39:29.126-05:00  INFO 14412 --- [planifest] [           main] o.s.t.web.servlet.TestDispatcherServlet  : Initializing Servlet ''
2025-09-21T20:39:29.129-05:00  INFO 14412 --- [planifest] [           main] o.s.t.web.servlet.TestDispatcherServlet  : Completed initialization in 3 ms
2025-09-21T20:39:29.224-05:00  INFO 14412 --- [planifest] [           main] c.e.p.controller.EventControllerTest     : Started EventControllerTest in 15.618 seconds (process running for 39.203)
]]></system-out>
  </testcase>
  <testcase name="getAllEvents_shouldReturnList" classname="com.example.planifest.controller.EventControllerTest" time="0.217"/>
  <testcase name="deleteEvent_shouldReturnOk" classname="com.example.planifest.controller.EventControllerTest" time="0.024"/>
  <testcase name="createEvent_shouldSendEmailAndReturn201" classname="com.example.planifest.controller.EventControllerTest" time="0.023"/>
</testsuite>